2004.03.07 14:59 B I:\server\apache\Apache2\htdocs\spms\forum\templates\admin_addforum1.html --> mrjohn.msshost.com /public_html/spms2/forum/templates admin_addforum1.html
2004.03.07 14:59 B I:\server\apache\Apache2\htdocs\spms\forum\templates\admin_banusr1.html --> mrjohn.msshost.com /public_html/spms2/forum/templates admin_banusr1.html
2004.03.07 14:59 B I:\server\apache\Apache2\htdocs\spms\forum\templates\admin_deleteban1.html --> mrjohn.msshost.com /public_html/spms2/forum/templates admin_deleteban1.html
2004.03.07 14:59 B I:\server\apache\Apache2\htdocs\spms\forum\templates\admin_editforum1.html --> mrjohn.msshost.com /public_html/spms2/forum/templates admin_editforum1.html
2004.03.07 14:59 B I:\server\apache\Apache2\htdocs\spms\forum\templates\admin_editforum2.html --> mrjohn.msshost.com /public_html/spms2/forum/templates admin_editforum2.html
2004.03.07 14:59 B I:\server\apache\Apache2\htdocs\spms\forum\templates\admin_export_emails.html --> mrjohn.msshost.com /public_html/spms2/forum/templates admin_export_emails.html
2004.03.07 14:59 B I:\server\apache\Apache2\htdocs\spms\forum\templates\admin_login.html --> mrjohn.msshost.com /public_html/spms2/forum/templates admin_login.html
2004.03.07 14:59 B I:\server\apache\Apache2\htdocs\spms\forum\templates\admin_panel.html --> mrjohn.msshost.com /public_html/spms2/forum/templates admin_panel.html
2004.03.07 14:59 B I:\server\apache\Apache2\htdocs\spms\forum\templates\admin_removeuser1.html --> mrjohn.msshost.com /public_html/spms2/forum/templates admin_removeuser1.html
2004.03.07 14:59 B I:\server\apache\Apache2\htdocs\spms\forum\templates\admin_searchusers.html --> mrjohn.msshost.com /public_html/spms2/forum/templates admin_searchusers.html
2004.03.07 14:59 B I:\server\apache\Apache2\htdocs\spms\forum\templates\admin_searchusersres.html --> mrjohn.msshost.com /public_html/spms2/forum/templates admin_searchusersres.html
2004.03.07 14:59 B I:\server\apache\Apache2\htdocs\spms\forum\templates\admin_sendmails1.html --> mrjohn.msshost.com /public_html/spms2/forum/templates admin_sendmails1.html
2004.03.07 14:59 B I:\server\apache\Apache2\htdocs\spms\forum\templates\admin_viewsubs.html --> mrjohn.msshost.com /public_html/spms2/forum/templates admin_viewsubs.html
2004.03.07 14:59 B I:\server\apache\Apache2\htdocs\spms\forum\templates\email_admin_userregister.txt --> mrjohn.msshost.com /public_html/spms2/forum/templates email_admin_userregister.txt
2004.03.07 14:59 B I:\server\apache\Apache2\htdocs\spms\forum\templates\email_reply_notify.txt --> mrjohn.msshost.com /public_html/spms2/forum/templates email_reply_notify.txt
2004.03.07 14:59 B I:\server\apache\Apache2\htdocs\spms\forum\templates\email_user_password.txt --> mrjohn.msshost.com /public_html/spms2/forum/templates email_user_password.txt
2004.03.07 14:59 B I:\server\apache\Apache2\htdocs\spms\forum\templates\email_user_register.txt --> mrjohn.msshost.com /public_html/spms2/forum/templates email_user_register.txt
2004.03.07 14:59 B I:\server\apache\Apache2\htdocs\spms\forum\templates\faq.html --> mrjohn.msshost.com /public_html/spms2/forum/templates faq.html
2004.03.07 14:59 B I:\server\apache\Apache2\htdocs\spms\forum\templates\go.html --> mrjohn.msshost.com /public_html/spms2/forum/templates go.html
2004.03.07 14:59 B I:\server\apache\Apache2\htdocs\spms\forum\templates\main_access_denied.html --> mrjohn.msshost.com /public_html/spms2/forum/templates main_access_denied.html
2004.03.07 14:59 B I:\server\apache\Apache2\htdocs\spms\forum\templates\main_footer.html --> mrjohn.msshost.com /public_html/spms2/forum/templates main_footer.html
2004.03.07 14:59 B I:\server\apache\Apache2\htdocs\spms\forum\templates\main_forums.html --> mrjohn.msshost.com /public_html/spms2/forum/templates main_forums.html
2004.03.07 14:59 B I:\server\apache\Apache2\htdocs\spms\forum\templates\main_forums_cell.html --> mrjohn.msshost.com /public_html/spms2/forum/templates main_forums_cell.html
2004.03.07 14:59 B I:\server\apache\Apache2\htdocs\spms\forum\templates\main_forums_list.html --> mrjohn.msshost.com /public_html/spms2/forum/templates main_forums_list.html
2004.03.07 15:00 B I:\server\apache\Apache2\htdocs\spms\forum\templates\main_header.html --> mrjohn.msshost.com /public_html/spms2/forum/templates main_header.html
2004.03.07 15:00 B I:\server\apache\Apache2\htdocs\spms\forum\templates\main_language.html --> mrjohn.msshost.com /public_html/spms2/forum/templates main_language.html
2004.03.07 15:00 B I:\server\apache\Apache2\htdocs\spms\forum\templates\main_last_discuss_cell.html --> mrjohn.msshost.com /public_html/spms2/forum/templates main_last_discuss_cell.html
2004.03.07 15:00 B I:\server\apache\Apache2\htdocs\spms\forum\templates\main_last_discussions.html --> mrjohn.msshost.com /public_html/spms2/forum/templates main_last_discussions.html
2004.03.07 15:00 B I:\server\apache\Apache2\htdocs\spms\forum\templates\main_post_area.html --> mrjohn.msshost.com /public_html/spms2/forum/templates main_post_area.html
2004.03.07 15:00 B I:\server\apache\Apache2\htdocs\spms\forum\templates\main_post_closed.html --> mrjohn.msshost.com /public_html/spms2/forum/templates main_post_closed.html
2004.03.07 15:00 B I:\server\apache\Apache2\htdocs\spms\forum\templates\main_post_form.html --> mrjohn.msshost.com /public_html/spms2/forum/templates main_post_form.html
2004.03.07 15:00 B I:\server\apache\Apache2\htdocs\spms\forum\templates\main_posts.html --> mrjohn.msshost.com /public_html/spms2/forum/templates main_posts.html
2004.03.07 15:00 B I:\server\apache\Apache2\htdocs\spms\forum\templates\main_posts_cell.html --> mrjohn.msshost.com /public_html/spms2/forum/templates main_posts_cell.html
2004.03.07 15:00 B I:\server\apache\Apache2\htdocs\spms\forum\templates\main_topics.html --> mrjohn.msshost.com /public_html/spms2/forum/templates main_topics.html
2004.03.07 15:00 B I:\server\apache\Apache2\htdocs\spms\forum\templates\main_topics_cell.html --> mrjohn.msshost.com /public_html/spms2/forum/templates main_topics_cell.html
2004.03.07 15:00 B I:\server\apache\Apache2\htdocs\spms\forum\templates\main_user_info.html --> mrjohn.msshost.com /public_html/spms2/forum/templates main_user_info.html
2004.03.07 15:00 B I:\server\apache\Apache2\htdocs\spms\forum\templates\main_user_info_cell.html --> mrjohn.msshost.com /public_html/spms2/forum/templates main_user_info_cell.html
2004.03.07 15:00 B I:\server\apache\Apache2\htdocs\spms\forum\templates\main_warning.html --> mrjohn.msshost.com /public_html/spms2/forum/templates main_warning.html
2004.03.07 15:00 B I:\server\apache\Apache2\htdocs\spms\forum\templates\manual_eng.html --> mrjohn.msshost.com /public_html/spms2/forum/templates manual_eng.html
2004.03.07 15:00 B I:\server\apache\Apache2\htdocs\spms\forum\templates\protect_forums.html --> mrjohn.msshost.com /public_html/spms2/forum/templates protect_forums.html
2004.03.07 15:00 B I:\server\apache\Apache2\htdocs\spms\forum\templates\search.html --> mrjohn.msshost.com /public_html/spms2/forum/templates search.html
2004.03.07 15:00 B I:\server\apache\Apache2\htdocs\spms\forum\templates\stats.html --> mrjohn.msshost.com /public_html/spms2/forum/templates stats.html
2004.03.07 15:00 B I:\server\apache\Apache2\htdocs\spms\forum\templates\stats_bar.html --> mrjohn.msshost.com /public_html/spms2/forum/templates stats_bar.html
2004.03.07 15:00 B I:\server\apache\Apache2\htdocs\spms\forum\templates\tools_del_topic_warning.html --> mrjohn.msshost.com /public_html/spms2/forum/templates tools_del_topic_warning.html
2004.03.07 15:00 B I:\server\apache\Apache2\htdocs\spms\forum\templates\tools_delete_msg_warning.html --> mrjohn.msshost.com /public_html/spms2/forum/templates tools_delete_msg_warning.html
2004.03.07 15:00 B I:\server\apache\Apache2\htdocs\spms\forum\templates\tools_edit_post.html --> mrjohn.msshost.com /public_html/spms2/forum/templates tools_edit_post.html
2004.03.07 15:00 B I:\server\apache\Apache2\htdocs\spms\forum\templates\tools_edit_topic_title.html --> mrjohn.msshost.com /public_html/spms2/forum/templates tools_edit_topic_title.html
2004.03.07 15:00 B I:\server\apache\Apache2\htdocs\spms\forum\templates\tools_move_topic.html --> mrjohn.msshost.com /public_html/spms2/forum/templates tools_move_topic.html
2004.03.07 15:00 B I:\server\apache\Apache2\htdocs\spms\forum\templates\tools_send_password.html --> mrjohn.msshost.com /public_html/spms2/forum/templates tools_send_password.html
2004.03.07 15:00 B I:\server\apache\Apache2\htdocs\spms\forum\templates\tools_userips.html --> mrjohn.msshost.com /public_html/spms2/forum/templates tools_userips.html
2004.03.07 15:00 B I:\server\apache\Apache2\htdocs\spms\forum\templates\user_dataform.html --> mrjohn.msshost.com /public_html/spms2/forum/templates user_dataform.html
2004.03.07 15:01 B I:\server\apache\Apache2\htdocs\spms\forum\templates\user_logged_in.html --> mrjohn.msshost.com /public_html/spms2/forum/templates user_logged_in.html
2004.03.07 15:01 B I:\server\apache\Apache2\htdocs\spms\forum\templates\user_login_form.html --> mrjohn.msshost.com /public_html/spms2/forum/templates user_login_form.html
2004.03.07 15:01 B I:\server\apache\Apache2\htdocs\spms\forum\templates\user_login_only_form.html --> mrjohn.msshost.com /public_html/spms2/forum/templates user_login_only_form.html
